#
# A fatal error has been detected by the Java Runtime Environment:
#
#  EXCEPTION_ACCESS_VIOLATION (0xc0000005) at pc=0x6d9a58ec, pid=1192, tid=3868
#
# JRE version: 6.0_14-b08
# Java VM: Java HotSpot(TM) Client VM (14.0-b16 mixed mode, sharing windows-x86 )
# Problematic frame:
# V  [jvm.dll+0xf58ec]
#
# If you would like to submit a bug report, please visit:
#   http://java.sun.com/webapps/bugreport/crash.jsp
#

---------------  T H R E A D  ---------------

Current thread (0x04affc00):  JavaThread "Java2D Disposer" daemon [_thread_in_vm, id=3868, stack(0x04ea0000,0x04ef0000)]

siginfo: ExceptionCode=0xc0000005, reading address 0x00000000

Registers:
EAX=0x024dd868, EBX=0x00000000, ECX=0x00000000, EDX=0x04eefa28
ESP=0x04eefa18, EBP=0x04eefaf4, ESI=0x04a72230, EDI=0x04affc00
EIP=0x6d9a58ec, EFLAGS=0x00010203

Top of Stack: (sp=0x04eefa18)
0x04eefa18:   04affc00 04affd10 024d7e8c 6d99cb3d
0x04eefa28:   024dd868 04eefb68 04eefa48 04eefa60
0x04eefa38:   04affc00 04eefb28 6d9a5705 04eefb68
0x04eefa48:   024dd868 04eefa60 04affc00 04b22464
0x04eefa58:   04affc00 04affd10 024dd868 00000000
0x04eefa68:   061e45c8 04affc00 2c802478 024dd868
0x04eefa78:   00000000 7733aaad 72c1ce37 00000000
0x04eefa88:   00bf0000 04c20108 04eefdac 6da9d970 

Instructions: (pc=0x6d9a58ec)
0x6d9a58dc:   01 8b 4d b0 8b 55 a4 8b 45 f4 89 04 8a ff 45 b0
0x6d9a58ec:   8b 03 8b 48 08 0f b7 51 26 8b 40 0c 8b 4c 90 20 


Stack: [0x04ea0000,0x04ef0000],  sp=0x04eefa18,  free space=318k
Native frames: (J=compiled Java code, j=interpreted, Vv=VM code, C=native code)
V  [jvm.dll+0xf58ec]
V  [jvm.dll+0xf8747]
C  [awt.dll+0x6c79c]
j  java.awt.Cursor.finalizeImpl(J)V+0
j  java.awt.Cursor.access$000(J)V+1
j  java.awt.Cursor$CursorDisposer.dispose()V+13
j  sun.java2d.Disposer.run()V+26
j  java.lang.Thread.run()V+11
v  ~StubRoutines::call_stub
V  [jvm.dll+0xecabc]
V  [jvm.dll+0x173d61]
V  [jvm.dll+0xecc87]
V  [jvm.dll+0xeccfd]
V  [jvm.dll+0x115d60]
V  [jvm.dll+0x1cfd44]
V  [jvm.dll+0x1739dc]
C  [msvcr71.dll+0x9565]
C  [kernel32.dll+0x8eccb]
C  [ntdll.dll+0x7d24d]
C  [ntdll.dll+0x7d45f]

Java frames: (J=compiled Java code, j=interpreted, Vv=VM code)
j  java.awt.Cursor.finalizeImpl(J)V+0
j  java.awt.Cursor.access$000(J)V+1
j  java.awt.Cursor$CursorDisposer.dispose()V+13
j  sun.java2d.Disposer.run()V+26
j  java.lang.Thread.run()V+11
v  ~StubRoutines::call_stub

---------------  P R O C E S S  ---------------

Java Threads: ( => current thread )
  0x0613ac00 JavaThread "Thread-1" daemon [_thread_in_native, id=5232, stack(0x07a50000,0x07aa0000)]
  0x06139c00 JavaThread "pool-1-thread-3" [_thread_blocked, id=5780, stack(0x07780000,0x077d0000)]
  0x0613a000 JavaThread "AWT-EventQueue-0" [_thread_blocked, id=2620, stack(0x052c0000,0x05310000)]
  0x06139000 JavaThread "pool-1-thread-2" [_thread_blocked, id=448, stack(0x076f0000,0x07740000)]
  0x06138800 JavaThread "MySQL Statement Cancellation Timer" daemon [_thread_blocked, id=5832, stack(0x07660000,0x076b0000)]
  0x06138400 JavaThread "pool-1-thread-1" [_thread_blocked, id=4112, stack(0x07610000,0x07660000)]
  0x062b0c00 JavaThread "TimerQueue" daemon [_thread_blocked, id=1352, stack(0x080b0000,0x08100000)]
  0x00bf9c00 JavaThread "DestroyJavaVM" [_thread_blocked, id=4204, stack(0x00340000,0x00390000)]
  0x04b02400 JavaThread "AWT-Shutdown" [_thread_blocked, id=4600, stack(0x04f30000,0x04f80000)]
=>0x04affc00 JavaThread "Java2D Disposer" daemon [_thread_in_vm, id=3868, stack(0x04ea0000,0x04ef0000)]
  0x024e5400 JavaThread "Low Memory Detector" daemon [_thread_blocked, id=2388, stack(0x04950000,0x049a0000)]
  0x024e3400 JavaThread "CompilerThread0" daemon [_thread_blocked, id=5328, stack(0x048c0000,0x04910000)]
  0x024e3000 JavaThread "Attach Listener" daemon [_thread_blocked, id=6104, stack(0x04830000,0x04880000)]
  0x024d8400 JavaThread "Signal Dispatcher" daemon [_thread_blocked, id=2928, stack(0x047a0000,0x047f0000)]
  0x02498400 JavaThread "Finalizer" daemon [_thread_blocked, id=4704, stack(0x04710000,0x04760000)]
  0x02493800 JavaThread "Reference Handler" daemon [_thread_blocked, id=5144, stack(0x04680000,0x046d0000)]

Other Threads:
  0x02492000 VMThread [stack: 0x045f0000,0x04640000] [id=2884]
  0x024e6000 WatcherThread [stack: 0x049e0000,0x04a30000] [id=1176]

VM state:not at safepoint (normal execution)

VM Mutex/Monitor currently owned by a thread: None

Heap
 def new generation   total 960K, used 88K [0x246b0000, 0x247b0000, 0x24b90000)
  eden space 896K,   9% used [0x246b0000, 0x246c6250, 0x24790000)
  from space 64K,   0% used [0x247a0000, 0x247a0000, 0x247b0000)
  to   space 64K,   0% used [0x24790000, 0x24790000, 0x247a0000)
 tenured generation   total 6276K, used 3763K [0x24b90000, 0x251b1000, 0x286b0000)
   the space 6276K,  59% used [0x24b90000, 0x24f3cf88, 0x24f3d000, 0x251b1000)
 compacting perm gen  total 12288K, used 4257K [0x286b0000, 0x292b0000, 0x2c6b0000)
   the space 12288K,  34% used [0x286b0000, 0x28ad85a0, 0x28ad8600, 0x292b0000)
    ro space 8192K,  67% used [0x2c6b0000, 0x2cc18d98, 0x2cc18e00, 0x2ceb0000)
    rw space 12288K,  54% used [0x2ceb0000, 0x2d52d0f0, 0x2d52d200, 0x2dab0000)

Dynamic libraries:
0x00400000 - 0x00424000 	C:\Program Files (x86)\Java\jdk1.6.0_14\jre\bin\java.exe
0x77310000 - 0x77470000 	C:\Windows\SysWOW64\ntdll.dll
0x76a60000 - 0x76b70000 	C:\Windows\syswow64\kernel32.dll
0x76d70000 - 0x76e36000 	C:\Windows\syswow64\ADVAPI32.dll
0x76460000 - 0x76550000 	C:\Windows\syswow64\RPCRT4.dll
0x752e0000 - 0x75340000 	C:\Windows\syswow64\Secur32.dll
0x7c340000 - 0x7c396000 	C:\Program Files (x86)\Java\jdk1.6.0_14\jre\bin\msvcr71.dll
0x6d8b0000 - 0x6db3b000 	C:\Program Files (x86)\Java\jdk1.6.0_14\jre\bin\client\jvm.dll
0x76270000 - 0x76340000 	C:\Windows\syswow64\USER32.dll
0x76ce0000 - 0x76d70000 	C:\Windows\syswow64\GDI32.dll
0x73a10000 - 0x73a42000 	C:\Windows\system32\WINMM.dll
0x76180000 - 0x7622a000 	C:\Windows\syswow64\msvcrt.dll
0x76030000 - 0x76175000 	C:\Windows\syswow64\ole32.dll
0x76ec0000 - 0x76f4d000 	C:\Windows\syswow64\OLEAUT32.dll
0x73900000 - 0x73939000 	C:\Windows\system32\OLEACC.dll
0x76620000 - 0x76680000 	C:\Windows\system32\IMM32.DLL
0x76550000 - 0x76618000 	C:\Windows\syswow64\MSCTF.dll
0x73af0000 - 0x73b1c000 	C:\Windows\system32\apphelp.dll
0x76230000 - 0x76239000 	C:\Windows\syswow64\LPK.DLL
0x76890000 - 0x7690d000 	C:\Windows\syswow64\USP10.dll
0x6d860000 - 0x6d86c000 	C:\Program Files (x86)\Java\jdk1.6.0_14\jre\bin\verify.dll
0x6d3e0000 - 0x6d3ff000 	C:\Program Files (x86)\Java\jdk1.6.0_14\jre\bin\java.dll
0x6d340000 - 0x6d348000 	C:\Program Files (x86)\Java\jdk1.6.0_14\jre\bin\hpi.dll
0x76880000 - 0x76887000 	C:\Windows\syswow64\PSAPI.DLL
0x6d8a0000 - 0x6d8af000 	C:\Program Files (x86)\Java\jdk1.6.0_14\jre\bin\zip.dll
0x6d0b0000 - 0x6d1fa000 	C:\Program Files (x86)\Java\jdk1.6.0_14\jre\bin\awt.dll
0x72a70000 - 0x72ab2000 	C:\Windows\system32\WINSPOOL.DRV
0x74a00000 - 0x74b9e000 	C:\Windows\WinSxS\x86_microsoft.windows.common-controls_6595b64144ccf1df_6.0.6002.18005_none_5cb72f96088b0de0\comctl32.dll
0x76a00000 - 0x76a59000 	C:\Windows\syswow64\SHLWAPI.dll
0x73240000 - 0x7324c000 	C:\Windows\system32\DWMAPI.DLL
0x73c10000 - 0x73c90000 	C:\Windows\system32\uxtheme.dll
0x10000000 - 0x1007a000 	C:\Program Files (x86)\DigitalPersona\Bin\DpoFeedb.dll
0x74d40000 - 0x74d5e000 	C:\Windows\system32\USERENV.dll
0x05110000 - 0x0516a000 	C:\Program Files (x86)\DigitalPersona\Bin\DpoSet.dll
0x754d0000 - 0x75fe0000 	C:\Windows\syswow64\shell32.dll
0x6d2e0000 - 0x6d334000 	C:\Program Files (x86)\Java\jdk1.6.0_14\jre\bin\fontmanager.dll
0x6d6c0000 - 0x6d6d3000 	C:\Program Files (x86)\Java\jdk1.6.0_14\jre\bin\net.dll
0x76240000 - 0x7626d000 	C:\Windows\syswow64\WS2_32.dll
0x772e0000 - 0x772e6000 	C:\Windows\syswow64\NSI.dll
0x73ea0000 - 0x73edb000 	C:\Windows\system32\mswsock.dll
0x73e00000 - 0x73e05000 	C:\Windows\System32\wship6.dll
0x6d6e0000 - 0x6d6e9000 	C:\Program Files (x86)\Java\jdk1.6.0_14\jre\bin\nio.dll
0x763d0000 - 0x76454000 	C:\Windows\syswow64\CLBCatQ.DLL
0x73e90000 - 0x73e95000 	C:\Windows\System32\wshtcpip.dll

VM Arguments:
jvm_args: -Dfile.encoding=UTF-8 
java_command: wordominaton.WordominatonApp
Launcher Type: SUN_STANDARD

Environment Variables:
CLASSPATH=.;C:\Program Files (x86)\Java\jre6\lib\ext\QTJava.zip
PATH=C:\Program Files (x86)\JavaFX\javafx-sdk1.2\bin;C:\Program Files (x86)\JavaFX\javafx-sdk1.2\emulator\bin;C:\Windows\system32;C:\Windows;C:\Windows\System32\Wbem;C:\Program Files\Broadcom\Broadcom 802.11\Driver;c:\Program Files (x86)\ATI Technologies\ATI.ACE\Core-Static;C:\Program Files\TortoiseSVN\bin;C:\Program Files (x86)\Common Files\DivX Shared\;C:\Program Files (x86)\QuickTime\QTSystem\
USERNAME=Andrés
OS=Windows_NT
PROCESSOR_IDENTIFIER=AMD64 Family 17 Model 3 Stepping 1, AuthenticAMD



---------------  S Y S T E M  ---------------

OS: Windows Vista Build 6002 Service Pack 2

CPU:total 2 (2 cores per cpu, 1 threads per core) family 17 model 3 stepping 1, cmov, cx8, fxsr, mmx, sse, sse2, sse3, mmxext, 3dnow, 3dnowext

Memory: 4k page, physical 3928984k(1833504k free), swap 4194303k(4194303k free)

vm_info: Java HotSpot(TM) Client VM (14.0-b16) for windows-x86 JRE (1.6.0_14-b08), built on May 21 2009 08:03:56 by "java_re" with MS VC++ 7.1

time: Tue Oct 13 13:20:32 2009
elapsed time: 425 seconds

